<?xml version="1.0" encoding="UTF-8"?>
<!-- Generated by org.testng.reporters.JUnitReportReporter -->
<testsuite skipped="0" hostname="ATMECSINDT-038" name="com.utilities.Alert1" tests="1" failures="0" timestamp="2021-04-04T22:11:56 PDT" time="23.664" errors="0">
  <testcase name="webInspection" time="23.664" classname="com.utilities.Alert1"/>
  <system-out/>
</testsuite> <!-- com.utilities.Alert1 -->
