<?xml version="1.0" encoding="UTF-8"?>
<!-- Generated by org.testng.reporters.JUnitReportReporter -->
<testsuite skipped="0" hostname="ATMECSINDT-038" name="com.utilities.Xlsheetmethods" tests="1" failures="0" timestamp="2021-04-05T00:17:57 PDT" time="0.600" errors="0">
  <testcase name="GetXlSheet" time="0.600" classname="com.utilities.Xlsheetmethods"/>
  <system-out/>
</testsuite> <!-- com.utilities.Xlsheetmethods -->
