<?xml version="1.0" encoding="UTF-8"?>
<!-- Generated by org.testng.reporters.JUnitReportReporter -->
<testsuite skipped="0" hostname="ATMECSINDT-038" name="com.utilities.GetWebTableData" tests="1" failures="0" timestamp="2021-04-04T21:46:39 PDT" time="7.150" errors="0">
  <testcase name="webInspection" time="7.150" classname="com.utilities.GetWebTableData"/>
  <system-out/>
</testsuite> <!-- com.utilities.GetWebTableData -->
